0 info it worked if it ends with ok
1 verbose cli [ '/home/antoine/.nvm/versions/node/v7.6.0/bin/node',
1 verbose cli   '/home/antoine/.nvm/versions/node/v7.6.0/bin/npm',
1 verbose cli   'run',
1 verbose cli   'prepare' ]
2 info using npm@4.1.2
3 info using node@v7.6.0
4 verbose run-script [ 'prepare' ]
5 info lifecycle shower@2.1.9~prepare: shower@2.1.9
6 verbose lifecycle shower@2.1.9~prepare: unsafe-perm in lifecycle true
7 verbose lifecycle shower@2.1.9~prepare: PATH: /home/antoine/.nvm/versions/node/v7.6.0/lib/node_modules/npm/bin/node-gyp-bin:/home/antoine/workspace/jsmeetup-luxembourg-rabbitmq/slides/node_modules/.bin:/home/antoine/.nvm/versions/node/v7.6.0/bin:/home/antoine/bin:/usr/local/sbin:/usr/local/bin:/usr/bin:/usr/bin/site_perl:/usr/bin/vendor_perl:/usr/bin/core_perl:/home/antoine/.gem/ruby/2.2.0/bin:/home/antoine/.gem/ruby/2.3.0/bin
8 verbose lifecycle shower@2.1.9~prepare: CWD: /home/antoine/workspace/jsmeetup-luxembourg-rabbitmq/slides
9 silly lifecycle shower@2.1.9~prepare: Args: [ '-c', 'gulp prepare' ]
10 info lifecycle shower@2.1.9~prepare: Failed to exec prepare script
11 verbose stack Error: shower@2.1.9 prepare: `gulp prepare`
11 verbose stack spawn ENOENT
11 verbose stack     at ChildProcess.<anonymous> (/home/antoine/.nvm/versions/node/v7.6.0/lib/node_modules/npm/lib/utils/spawn.js:33:16)
11 verbose stack     at emitTwo (events.js:106:13)
11 verbose stack     at ChildProcess.emit (events.js:192:7)
11 verbose stack     at maybeClose (internal/child_process.js:890:16)
11 verbose stack     at Process.ChildProcess._handle.onexit (internal/child_process.js:226:5)
12 verbose pkgid shower@2.1.9
13 verbose cwd /home/antoine/workspace/jsmeetup-luxembourg-rabbitmq/slides
14 error Linux 4.8.4-1-ARCH
15 error argv "/home/antoine/.nvm/versions/node/v7.6.0/bin/node" "/home/antoine/.nvm/versions/node/v7.6.0/bin/npm" "run" "prepare"
16 error node v7.6.0
17 error npm  v4.1.2
18 error file sh
19 error code ELIFECYCLE
20 error errno ENOENT
21 error syscall spawn
22 error shower@2.1.9 prepare: `gulp prepare`
22 error spawn ENOENT
23 error Failed at the shower@2.1.9 prepare script 'gulp prepare'.
23 error Make sure you have the latest version of node.js and npm installed.
23 error If you do, this is most likely a problem with the shower package,
23 error not with npm itself.
23 error Tell the author that this fails on your system:
23 error     gulp prepare
23 error You can get information on how to open an issue for this project with:
23 error     npm bugs shower
23 error Or if that isn't available, you can get their info via:
23 error     npm owner ls shower
23 error There is likely additional logging output above.
24 verbose exit [ 1, true ]
